<?xml version="1.0" encoding="UTF-8"?>
<testng-results ignored="0" total="1" passed="1" failed="0" skipped="0">
  <reporter-output>
  </reporter-output>
  <suite started-at="2018-05-10T06:11:01Z" name="Suite1" finished-at="2018-05-10T06:11:08Z" duration-ms="7722">
    <groups>
    </groups>
    <test started-at="2018-05-10T06:11:01Z" name="Nopackage" finished-at="2018-05-10T06:11:08Z" duration-ms="7722">
      <class name="SimpleTest">
        <test-method is-config="true" signature="setUp()[pri:0, instance:SimpleTest@34a3d150]" started-at="2018-05-10T06:11:01Z" name="setUp" finished-at="2018-05-10T06:11:05Z" duration-ms="4087" status="PASS">
          <reporter-output>
          </reporter-output>
        </test-method> <!-- setUp -->
        <test-method signature="search()[pri:0, instance:SimpleTest@34a3d150]" started-at="2018-05-10T06:11:05Z" name="search" finished-at="2018-05-10T06:11:08Z" duration-ms="3383" status="PASS">
          <reporter-output>
          </reporter-output>
        </test-method> <!-- search -->
        <test-method is-config="true" signature="tearDown()[pri:0, instance:SimpleTest@34a3d150]" started-at="2018-05-10T06:11:08Z" name="tearDown" finished-at="2018-05-10T06:11:08Z" duration-ms="226" status="PASS">
          <reporter-output>
          </reporter-output>
        </test-method> <!-- tearDown -->
      </class> <!-- SimpleTest -->
    </test> <!-- Nopackage -->
  </suite> <!-- Suite1 -->
</testng-results>
