<?xml version="1.0" encoding="UTF-8"?>
<testng-results ignored="0" total="1" passed="1" failed="0" skipped="0">
  <reporter-output>
  </reporter-output>
  <suite started-at="2018-05-09T18:02:58Z" name="Suite1" finished-at="2018-05-09T18:03:07Z" duration-ms="9198">
    <groups>
    </groups>
    <test started-at="2018-05-09T18:02:58Z" name="Nopackage" finished-at="2018-05-09T18:03:07Z" duration-ms="9198">
      <class name="SimpleTest">
        <test-method is-config="true" signature="setUp()[pri:0, instance:SimpleTest@34a3d150]" started-at="2018-05-09T18:02:58Z" name="setUp" finished-at="2018-05-09T18:03:02Z" duration-ms="4233" status="PASS">
          <reporter-output>
          </reporter-output>
        </test-method> <!-- setUp -->
        <test-method signature="search()[pri:0, instance:SimpleTest@34a3d150]" started-at="2018-05-09T18:03:02Z" name="search" finished-at="2018-05-09T18:03:05Z" duration-ms="2831" status="PASS">
          <reporter-output>
          </reporter-output>
        </test-method> <!-- search -->
        <test-method is-config="true" signature="tearDown()[pri:0, instance:SimpleTest@34a3d150]" started-at="2018-05-09T18:03:05Z" name="tearDown" finished-at="2018-05-09T18:03:07Z" duration-ms="2099" status="PASS">
          <reporter-output>
          </reporter-output>
        </test-method> <!-- tearDown -->
      </class> <!-- SimpleTest -->
    </test> <!-- Nopackage -->
  </suite> <!-- Suite1 -->
</testng-results>
